<?xml version="1.0" encoding="UTF-8"?>
<!-- Generated by org.testng.reporters.JUnitReportReporter -->
<testsuite hostname="DESKTOP-BN9RL8R" failures="0" tests="1" name="com.inetBanking.testCases.TC_LoginTest_001" time="3.639" errors="0" timestamp="2024-04-02T01:46:16 IST" skipped="0">
  <testcase classname="com.inetBanking.testCases.TC_LoginTest_001" name="loginTC" time="3.639"/>
</testsuite> <!-- com.inetBanking.testCases.TC_LoginTest_001 -->
