<?xml version="1.0" encoding="UTF-8"?>
<!-- Generated by org.testng.reporters.JUnitReportReporter -->
<testsuite hostname="DESKTOP-BN9RL8R" failures="0" tests="1" name="com.inetBanking.testCases.BaseClass" time="20.661" errors="0" timestamp="2024-03-31T22:51:36 IST" skipped="0">
  <testcase classname="com.inetBanking.testCases.BaseClass" name="setupClass" time="20.661"/>
</testsuite> <!-- com.inetBanking.testCases.BaseClass -->
